1519575912856	geckodriver	INFO	geckodriver 0.19.0
1519575912872	geckodriver	INFO	Listening on 127.0.0.1:55699
1519575914369	mozrunner::runner	INFO	Running command: "/Applications/Firefox.app/Contents/MacOS/firefox-bin" "-marionette" "-profile" "/var/folders/7t/b6m2_cr91xx4r4l601vfc7vr0000gn/T/rust_mozprofile.NDyWvbBvIXQZ"
1519575915812	Marionette	INFO	Enabled via --marionette
2018-02-25 21:55:17.499 plugin-container[86349:17383714] *** CFMessagePort: bootstrap_register(): failed 1100 (0x44c) 'Permission denied', port = 0x8043, name = 'com.apple.tsm.portname'
See /usr/include/servers/bootstrap_defs.h for the error codes.
1519575918224	Marionette	INFO	Listening on port 55708
1519575918340	Marionette	WARN	TLS certificate errors will be ignored for this session
1519575918432	Marionette	DEBUG	Register listener.js for window 2147483649
1519575918530	Marionette	DEBUG	Received DOM event "beforeunload" for "about:blank"
1519575921580	Marionette	DEBUG	Received DOM event "pagehide" for "about:blank"
1519575921581	Marionette	DEBUG	Received DOM event "unload" for "about:blank"
1519575922044	Marionette	DEBUG	Received DOM event "DOMContentLoaded" for "https://www.google.ca/?gws_rd=ssl"
1519575926354	Marionette	DEBUG	Received DOM event "pageshow" for "https://www.google.ca/?gws_rd=ssl"
1519576535996	geckodriver	INFO	geckodriver 0.19.0
1519576536025	geckodriver	INFO	Listening on 127.0.0.1:55985
1519576536422	mozrunner::runner	INFO	Running command: "/Applications/Firefox.app/Contents/MacOS/firefox-bin" "-marionette" "-profile" "/var/folders/7t/b6m2_cr91xx4r4l601vfc7vr0000gn/T/rust_mozprofile.RIZhihU74cLs"
1519576538321	Marionette	INFO	Enabled via --marionette
2018-02-25 22:05:41.874 plugin-container[86665:17396578] *** CFMessagePort: bootstrap_register(): failed 1100 (0x44c) 'Permission denied', port = 0x7d3f, name = 'com.apple.tsm.portname'
See /usr/include/servers/bootstrap_defs.h for the error codes.
1519576543273	Marionette	INFO	Listening on port 55992
1519576543351	Marionette	WARN	TLS certificate errors will be ignored for this session
1519576543478	Marionette	DEBUG	Register listener.js for window 2147483649
1519576543658	Marionette	DEBUG	Received DOM event "beforeunload" for "about:blank"
1519576545586	Marionette	DEBUG	Received DOM event "pagehide" for "about:blank"
1519576545586	Marionette	DEBUG	Received DOM event "unload" for "about:blank"
1519576546249	Marionette	DEBUG	Received DOM event "DOMContentLoaded" for "https://www.google.ca/?gws_rd=ssl"
1519576546390	Marionette	DEBUG	Received DOM event "pageshow" for "https://www.google.ca/?gws_rd=ssl"
1519576616405	geckodriver	INFO	geckodriver 0.19.0
1519576616419	geckodriver	INFO	Listening on 127.0.0.1:56165
1519576617677	mozrunner::runner	INFO	Running command: "/Applications/Firefox.app/Contents/MacOS/firefox-bin" "-marionette" "-profile" "/var/folders/7t/b6m2_cr91xx4r4l601vfc7vr0000gn/T/rust_mozprofile.yJI1j0Xb4s3q"
1519576618991	Marionette	INFO	Enabled via --marionette
2018-02-25 22:07:00.288 plugin-container[86752:17398812] *** CFMessagePort: bootstrap_register(): failed 1100 (0x44c) 'Permission denied', port = 0x8803, name = 'com.apple.tsm.portname'
See /usr/include/servers/bootstrap_defs.h for the error codes.
1519576620826	Marionette	INFO	Listening on port 56174
1519576620898	Marionette	WARN	TLS certificate errors will be ignored for this session
1519576620997	Marionette	DEBUG	Register listener.js for window 2147483649
1519576621046	Marionette	DEBUG	Received DOM event "beforeunload" for "about:blank"
1519576623209	Marionette	DEBUG	Received DOM event "pagehide" for "about:blank"
1519576623209	Marionette	DEBUG	Received DOM event "unload" for "about:blank"
1519576623388	Marionette	DEBUG	Received DOM event "DOMContentLoaded" for "https://www.google.ca/?gws_rd=ssl"
1519576627874	Marionette	DEBUG	Received DOM event "pageshow" for "https://www.google.ca/?gws_rd=ssl"

###!!! [Parent][RunMessage] Error: Channel closing: too late to send/recv, messages will be lost

